<?xml version="1.0" encoding="UTF-8"?>
<testsuites name="TL_CURA_Appointment_003_TestSuite" time="18.523" tests="1" failures="0" errors="0">
   <testsuite name="TL_CURA_Appointment_003_TestSuite" tests="1" failures="0" errors="0" time="18.523" skipped="0" timestamp="28-01-2024T00:18:27" hostname="shashank s - shashank_s" id="Test Suites/Cura_TestSuite/TL_CURA_Appointment_003_TestSuite">
      <properties>
         <property name="deviceName" value=""/>
         <property name="devicePlatform" value=""/>
         <property name="logFolder" value="C:\\Users\\shashank s\\Katalon Studio\\Software Automation Testing\\Reports\\20240128_001817\\Cura_TestSuite\\TL_CURA_Appointment_003_TestSuite\\20240128_001817"/>
         <property name="logFiles" value="C:\\Users\\shashank s\\Katalon Studio\\Software Automation Testing\\Reports\\20240128_001817\\Cura_TestSuite\\TL_CURA_Appointment_003_TestSuite\\20240128_001817\\execution0.log"/>
         <property name="attachments" value=""/>
         <property name="hostName" value="shashank s - shashank_s"/>
         <property name="os" value="Windows 11 64bit"/>
         <property name="katalonVersion" value="9.2.0.212"/>
         <property name="browser" value="Chrome 120.0.0.0"/>
         <property name="hostAddress" value="192.168.12.236"/>
         <property name="sessionId" value="77e294b00b46c9b490588c8b894322b3"/>
         <property name="seleniumVersion" value="3.141.59"/>
         <property name="proxyInformation" value="ProxyInformation { proxyOption=NO_PROXY, proxyServerType=HTTP, username=, password=********, proxyServerAddress=, proxyServerPort=0, executionList=&quot;&quot;, isApplyToDesiredCapabilities=true }"/>
         <property name="platform" value="Windows 11"/>
      </properties>
      <testcase name="Test Cases/Test Listener/TC_Cura_Make_Appointment_003" time="9.567" classname="Test Cases/Test Listener/TC_Cura_Make_Appointment_003" status="PASSED">
         <system-out><![CDATA[28-01-2024T00:18:36 - [TEST_CASE][PASSED] - Test Cases/Test Listener/TC_Cura_Make_Appointment_003: Test Cases/Test Listener/TC_Cura_Make_Appointment_003

28-01-2024T00:18:36 - [TEST_STEP][PASSED] - Start listener action : sampleBeforeTestCase: Object: 'Object Repository/Cura_pages_OR/Page_CURA Healthcare Service/button_Login' is clicked on

28-01-2024T00:18:36 - [TEST_STEP][PASSED] - setText(findTestObject("Object Repository/Cura_pages_OR/Page_CURA Healthcare Service/input_username"), "John Doe"): Text 'John Doe' is set on object 'Object Repository/Cura_pages_OR/Page_CURA Healthcare Service/input_username'

28-01-2024T00:18:37 - [MESSAGE][PASSED] - Text 'John Doe' is set on object 'Object Repository/Cura_pages_OR/Page_CURA Healthcare Service/input_username'

28-01-2024T00:18:37 - [TEST_STEP][PASSED] - setEncryptedText(findTestObject("Object Repository/Cura_pages_OR/Page_CURA Healthcare Service/input_password"), "g3/DOGG74jC3Flrr3yH+3D/yKbOqqUNM"): Text ****** has been set on object 'Object Repository/Cura_pages_OR/Page_CURA Healthcare Service/input_password'

28-01-2024T00:18:37 - [MESSAGE][PASSED] - Text ****** has been set on object 'Object Repository/Cura_pages_OR/Page_CURA Healthcare Service/input_password'

28-01-2024T00:18:37 - [TEST_STEP][PASSED] - click(findTestObject("Object Repository/Cura_pages_OR/Page_CURA Healthcare Service/button_Login")): Object: 'Object Repository/Cura_pages_OR/Page_CURA Healthcare Service/button_Login' is clicked on

28-01-2024T00:18:39 - [MESSAGE][PASSED] - Object: 'Object Repository/Cura_pages_OR/Page_CURA Healthcare Service/button_Login' is clicked on

28-01-2024T00:18:39 - [TEST_STEP][PASSED] - selectOptionByValue(findTestObject("Object Repository/Cura_pages_OR/Page_CURA Healthcare Service/select_Tokyo CURA Healthcare Center        _5b4107"), "Hongkong CURA Healthcare Center", true): All options with value 'Hongkong CURA Healthcare Center' are selected in object 'Object Repository/Cura_pages_OR/Page_CURA Healthcare Service/select_Tokyo CURA Healthcare Center        _5b4107'  using regular expression

28-01-2024T00:18:40 - [MESSAGE][PASSED] - All options with value 'Hongkong CURA Healthcare Center' are selected in object 'Object Repository/Cura_pages_OR/Page_CURA Healthcare Service/select_Tokyo CURA Healthcare Center        _5b4107'  using regular expression

28-01-2024T00:18:40 - [TEST_STEP][PASSED] - click(findTestObject("Object Repository/Cura_pages_OR/Page_CURA Healthcare Service/input_hospital_readmission")): Object: 'Object Repository/Cura_pages_OR/Page_CURA Healthcare Service/input_hospital_readmission' is clicked on

28-01-2024T00:18:40 - [MESSAGE][PASSED] - Object: 'Object Repository/Cura_pages_OR/Page_CURA Healthcare Service/input_hospital_readmission' is clicked on

28-01-2024T00:18:40 - [TEST_STEP][PASSED] - click(findTestObject("Object Repository/Cura_pages_OR/Page_CURA Healthcare Service/input_programs")): Object: 'Object Repository/Cura_pages_OR/Page_CURA Healthcare Service/input_programs' is clicked on

28-01-2024T00:18:41 - [MESSAGE][PASSED] - Object: 'Object Repository/Cura_pages_OR/Page_CURA Healthcare Service/input_programs' is clicked on

28-01-2024T00:18:41 - [TEST_STEP][PASSED] - click(findTestObject("Object Repository/Cura_pages_OR/Page_CURA Healthcare Service/span_glyphicon glyphicon-calendar")): Object: 'Object Repository/Cura_pages_OR/Page_CURA Healthcare Service/span_glyphicon glyphicon-calendar' is clicked on

28-01-2024T00:18:41 - [MESSAGE][PASSED] - Object: 'Object Repository/Cura_pages_OR/Page_CURA Healthcare Service/span_glyphicon glyphicon-calendar' is clicked on

28-01-2024T00:18:41 - [TEST_STEP][PASSED] - click(findTestObject("Object Repository/Cura_pages_OR/Page_CURA Healthcare Service/td_15")): Object: 'Object Repository/Cura_pages_OR/Page_CURA Healthcare Service/td_15' is clicked on

28-01-2024T00:18:42 - [MESSAGE][PASSED] - Object: 'Object Repository/Cura_pages_OR/Page_CURA Healthcare Service/td_15' is clicked on

28-01-2024T00:18:42 - [TEST_STEP][PASSED] - setText(findTestObject("Object Repository/Cura_pages_OR/Page_CURA Healthcare Service/textarea_comment"), "Emergency"): Text 'Emergency' is set on object 'Object Repository/Cura_pages_OR/Page_CURA Healthcare Service/textarea_comment'

28-01-2024T00:18:42 - [MESSAGE][PASSED] - Text 'Emergency' is set on object 'Object Repository/Cura_pages_OR/Page_CURA Healthcare Service/textarea_comment'

28-01-2024T00:18:42 - [TEST_STEP][PASSED] - click(findTestObject("Object Repository/Cura_pages_OR/Page_CURA Healthcare Service/button_Book Appointment")): Object: 'Object Repository/Cura_pages_OR/Page_CURA Healthcare Service/button_Book Appointment' is clicked on

28-01-2024T00:18:43 - [MESSAGE][PASSED] - Object: 'Object Repository/Cura_pages_OR/Page_CURA Healthcare Service/button_Book Appointment' is clicked on

28-01-2024T00:18:43 - [TEST_STEP][PASSED] - verifyElementPresent(findTestObject("Object Repository/Cura_pages_OR/Page_CURA Healthcare Service/h2_Appointment Confirmation"), 0): Object 'Object Repository/Cura_pages_OR/Page_CURA Healthcare Service/h2_Appointment Confirmation' is present

28-01-2024T00:18:43 - [MESSAGE][WARNING] - Timeout '0' is invalid. Using default page load timeout: '5'

28-01-2024T00:18:44 - [MESSAGE][PASSED] - Object 'Object Repository/Cura_pages_OR/Page_CURA Healthcare Service/h2_Appointment Confirmation' is present

28-01-2024T00:18:44 - [TEST_STEP][PASSED] - Start listener action : sampleAfterTestCase: Object: 'Object Repository/Cura_pages_OR/Page_CURA Healthcare Service/a_Logout' is clicked on

28-01-2024T00:18:44 - [TEST_STEP][PASSED] - click(findTestObject("Object Repository/Cura_pages_OR/Page_CURA Healthcare Service/amenu-toggle")): Object: 'Object Repository/Cura_pages_OR/Page_CURA Healthcare Service/amenu-toggle' is clicked on

28-01-2024T00:18:44 - [MESSAGE][PASSED] - Object: 'Object Repository/Cura_pages_OR/Page_CURA Healthcare Service/amenu-toggle' is clicked on

28-01-2024T00:18:44 - [TEST_STEP][PASSED] - click(findTestObject("Object Repository/Cura_pages_OR/Page_CURA Healthcare Service/a_Logout")): Object: 'Object Repository/Cura_pages_OR/Page_CURA Healthcare Service/a_Logout' is clicked on

28-01-2024T00:18:45 - [MESSAGE][PASSED] - Object: 'Object Repository/Cura_pages_OR/Page_CURA Healthcare Service/a_Logout' is clicked on]]></system-out>
         <system-err><![CDATA[]]></system-err>
      </testcase>
      <system-out><![CDATA[28-01-2024T00:18:27 - [TEST_SUITE][PASSED] - TL_CURA_Appointment_003_TestSuite: Test Cases/Test Listener/TC_Cura_Make_Appointment_003]]></system-out>
      <system-err><![CDATA[]]></system-err>
   </testsuite>
</testsuites>
